Using pre-set license

 COMMAND LINE ARGUMENTS:
/Volumes/SAMSUNG/Applications/Unity/2020.3.14f1/Unity.app/Contents/MacOS/Unity
-adb2
-batchMode
-noUpm
-name
AssetImportWorker0
-projectPath
/Volumes/SAMSUNG/Applications/Unity/Helix_Jump
-logFile
Logs/AssetImportWorker0.log
-srvPort
50625
Successfully changed project path to: /Volumes/SAMSUNG/Applications/Unity/Helix_Jump
/Volumes/SAMSUNG/Applications/Unity/Helix_Jump
Using Asset Import Pipeline V2.
Refreshing native plugins compatible for Editor in 45.16 ms, found 2 plugins.
Preloading 0 native plugins for Editor in 0.00 ms.
Initialize engine version: 2020.3.14f1 (d0d1bb862f9d)
[Subsystems] Discovering subsystems at path /Volumes/SAMSUNG/Applications/Unity/2020.3.14f1/Unity.app/Contents/Resources/UnitySubsystems
[Subsystems] Discovering subsystems at path /Volumes/SAMSUNG/Applications/Unity/Helix_Jump/Assets
GfxDevice: creating device client; threaded=0
2021-07-26 14:19:29.753 Unity[1719:38314] Color LCD preferred device: Intel(R) Iris(TM) Graphics 6000 (low power)
2021-07-26 14:19:29.753 Unity[1719:38314] Metal devices available: 1
2021-07-26 14:19:29.753 Unity[1719:38314] 0: Intel(R) Iris(TM) Graphics 6000 (low power)
2021-07-26 14:19:29.753 Unity[1719:38314] Using device Intel(R) Iris(TM) Graphics 6000 (low power)
Initializing Metal device caps: Intel(R) Iris(TM) Graphics 6000
Initialize mono
Mono path[0] = '/Volumes/SAMSUNG/Applications/Unity/2020.3.14f1/Unity.app/Contents/Managed'
Mono path[1] = '/Volumes/SAMSUNG/Applications/Unity/2020.3.14f1/Unity.app/Contents/MonoBleedingEdge/lib/mono/unityjit'
Mono config path = '/Volumes/SAMSUNG/Applications/Unity/2020.3.14f1/Unity.app/Contents/MonoBleedingEdge/etc'
Using monoOptions --debugger-agent=transport=dt_socket,embedding=1,server=y,suspend=n,address=127.0.0.1:56719
Begin MonoManager ReloadAssembly
Registering precompiled unity dll's ...
Register platform support module: /Volumes/SAMSUNG/Applications/Unity/2020.3.14f1/PlaybackEngines/WebGLSupport/UnityEditor.WebGL.Extensions.dll
Register platform support module: /Volumes/SAMSUNG/Applications/Unity/2020.3.14f1/Unity.app/Contents/PlaybackEngines/MacStandaloneSupport/UnityEditor.OSXStandalone.Extensions.dll
Registered in 0.051395 seconds.
Native extension for OSXStandalone target not found
Native extension for WebGL target not found
Refreshing native plugins compatible for Editor in 46.09 ms, found 2 plugins.
Preloading 0 native plugins for Editor in 0.00 ms.
Mono: successfully reloaded assembly
- Completed reload, in 11.400 seconds
Domain Reload Profiling:
	ReloadAssembly (11401ms)
		BeginReloadAssembly (80ms)
			ExecutionOrderSort (0ms)
			DisableScriptedObjects (0ms)
			BackupInstance (0ms)
			ReleaseScriptingObjects (0ms)
			CreateAndSetChildDomain (3ms)
		EndReloadAssembly (726ms)
			LoadAssemblies (89ms)
			RebuildTransferFunctionScriptingTraits (0ms)
			SetupTypeCache (293ms)
			ReleaseScriptCaches (0ms)
			RebuildScriptCaches (64ms)
			SetupLoadedEditorAssemblies (277ms)
				LogAssemblyErrors (0ms)
				InitializePlatformSupportModulesInManaged (7ms)
				SetLoadedEditorAssemblies (0ms)
				RefreshPlugins (46ms)
				BeforeProcessingInitializeOnLoad (15ms)
				ProcessInitializeOnLoadAttributes (154ms)
				ProcessInitializeOnLoadMethodAttributes (54ms)
				AfterProcessingInitializeOnLoad (0ms)
				EditorAssembliesLoaded (0ms)
			ExecutionOrderSort2 (0ms)
			AwakeInstancesAfterBackupRestoration (0ms)
Platform modules already initialized, skipping
Registering precompiled user dll's ...
Registered in 0.192489 seconds.
